<?xml version="1.0" encoding="UTF-8"?>
<!-- Generated by org.testng.reporters.JUnitReportReporter -->
<testsuite hostname="NiranjanLT" failures="0" tests="2" name="sample.Parallal" time="13.571" errors="0" timestamp="2023-12-31T16:26:57 IST" skipped="0">
  <testcase classname="sample.Parallal" name="test" time="7.693"/>
  <system-out/>
  <testcase classname="sample.Parallal" name="test" time="5.878"/>
  <system-out/>
</testsuite> <!-- sample.Parallal -->
