<?xml version="1.0" encoding="UTF-8"?>
<!-- Generated by org.testng.reporters.JUnitReportReporter -->
<testsuite hostname="NiranjanLT" failures="0" tests="1" name="jdcb.Data" time="1.023" errors="0" timestamp="2023-12-15T23:08:26 IST" skipped="0">
  <testcase classname="jdcb.Data" name="test" time="1.023"/>
  <system-out/>
</testsuite> <!-- jdcb.Data -->
