<?xml version="1.0" encoding="UTF-8"?>
<!-- Generated by org.testng.reporters.JUnitReportReporter -->
<testsuite hostname="NiranjanLT" failures="0" tests="4" name="jdcb.Orange_hrm" time="0.084" errors="0" timestamp="2024-10-04T00:30:45 IST" skipped="0">
  <testcase classname="jdcb.Orange_hrm" name="testdata" time="0.023"/>
  <system-out/>
  <testcase classname="jdcb.Orange_hrm" name="testdata" time="0.021"/>
  <system-out/>
  <testcase classname="jdcb.Orange_hrm" name="testdata" time="0.018"/>
  <system-out/>
  <testcase classname="jdcb.Orange_hrm" name="testdata" time="0.022"/>
  <system-out/>
</testsuite> <!-- jdcb.Orange_hrm -->
