<?xml version="1.0" encoding="UTF-8"?>
<!-- Generated by org.testng.reporters.JUnitReportReporter -->
<testsuite hostname="NiranjanLT" failures="0" tests="1" name="jdcb.Sample_jdbc" time="0.446" errors="0" timestamp="2024-01-07T17:49:30 IST" skipped="0">
  <testcase classname="jdcb.Sample_jdbc" name="test" time="0.446"/>
  <system-out/>
</testsuite> <!-- jdcb.Sample_jdbc -->
