<?xml version="1.0" encoding="UTF-8"?>
<!-- Generated by org.testng.reporters.JUnitReportReporter -->
<testsuite hostname="NiranjanLT" failures="0" tests="1" name="jdcb.Demo" time="0.481" errors="0" timestamp="2024-10-04T00:04:47 IST" skipped="0">
  <testcase classname="jdcb.Demo" name="test" time="0.481"/>
  <system-out/>
</testsuite> <!-- jdcb.Demo -->
