<?xml version="1.0" encoding="UTF-8"?>
<!-- Generated by org.testng.reporters.JUnitReportReporter -->
<testsuite hostname="NiranjanLT" failures="0" tests="1" name="jdcb.Demo1" time="0.430" errors="0" timestamp="2023-04-29T12:12:26 IST" skipped="0">
  <testcase classname="jdcb.Demo1" name="testScript" time="0.430"/>
  <system-out/>
</testsuite> <!-- jdcb.Demo1 -->
